<?xml version="1.0" encoding="UTF-8"?>
<!-- Generated by org.testng.reporters.JUnitXMLReporter -->
<testsuite hostname="Lata-Naik" ignored="5" name="Surefire test" tests="1" failures="1" timestamp="03 Jan 2019 06:25:32 GMT" time="26.474" errors="0">
  <testcase name="rateComplaintCitizen" time="24.595" classname="testcore.scenarios.PGRFlows">
    <failure type="java.lang.NullPointerException">
      <![CDATA[java.lang.NullPointerExceptionat testcore.pages.ComplaintsPage.logoutUser(ComplaintsPage.java:128)at testcore.scenarios.PGRFlows.rateComplaintCitizen(PGRFlows.java:60)... Removed 29 stack frames]]>
    </failure>
  </testcase> <!-- rateComplaintCitizen -->
  <testcase name="fileComplaintCitizen" time="0.0" classname="testcore.scenarios.PGRFlows">
    <ignored/>
  </testcase> <!-- fileComplaintCitizen -->
  <testcase name="assignComplaintGRO" time="0.0" classname="testcore.scenarios.PGRFlows">
    <ignored/>
  </testcase> <!-- assignComplaintGRO -->
  <testcase name="assignComplaintDGRO" time="0.0" classname="testcore.scenarios.PGRFlows">
    <ignored/>
  </testcase> <!-- assignComplaintDGRO -->
  <testcase name="rejectComplaintGRO" time="0.0" classname="testcore.scenarios.PGRFlows">
    <ignored/>
  </testcase> <!-- rejectComplaintGRO -->
  <testcase name="resolveComplaintLME" time="0.0" classname="testcore.scenarios.PGRFlows">
    <ignored/>
  </testcase> <!-- resolveComplaintLME -->
</testsuite> <!-- Surefire test -->
