<?xml version="1.0" encoding="UTF-8"?>
<testsuite xmlns:xsi="http://www.w3.org/2001/XMLSchema-instance" xsi:schemaLocation="https://maven.apache.org/surefire/maven-surefire-plugin/xsd/surefire-test-report.xsd" name="testcore.scenarios.PGRFlows" time="26.826" tests="1" errors="0" skipped="0" failures="1">
  <properties>
[...]
</properties>
  <testcase name="rateComplaintCitizen" classname="testcore.scenarios.PGRFlows" time="24.6">
    <failure type="java.lang.NullPointerException">java.lang.NullPointerException
	at testcore.scenarios.PGRFlows.rateComplaintCitizen(PGRFlows.java:60)
</failure>
    <system-out><![CDATA[[INFO ] [Thread:main] 2019-01-03 11:55:05,981 testcore.scenarios.SupportTest.runOncePerSuite:L35 - Central setup completed.
[INFO ] [Thread:main] 2019-01-03 11:55:05,991 testcore.scenarios.SupportTest.runOncePerContext:L42 - Test context setup completed for Surefire test test.
[INFO ] [Thread:main] 2019-01-03 11:55:06,003 testcore.scenarios.SupportTest.runOncePerMethod:L54 - Set up for test method [rateComplaintCitizen] started.
[INFO ] [Thread:main] 2019-01-03 11:55:07,620 testcore.scenarios.SupportTest.runOncePerMethod:L63 - Set up for test method [rateComplaintCitizen] ended.
[INFO ] [Thread:main] 2019-01-03 11:55:07,623 testcore.pages.HomePage.navigateToURL:L27 - New URL: https://egov-micro-qa.egovernments.org/citizen/user/login
[INFO ] [Thread:main] 2019-01-03 11:55:18,609 testcore.pages.HomePage.isUserLoggedIn:L66 - Logged in user lata
]]></system-out>
    <system-err><![CDATA[Starting ChromeDriver 2.41.578700 (2f1ed5f9343c13f73144538f15c00b370eda6706) on port 27914
Only local connections are allowed.
Jan 03, 2019 11:55:07 AM org.openqa.selenium.remote.ProtocolHandshake createSession
INFO: Detected dialect: OSS
]]></system-err>
  </testcase>
</testsuite>