<?xml version="1.0" encoding="UTF-8"?>
<testsuite xmlns:xsi="http://www.w3.org/2001/XMLSchema-instance" xsi:schemaLocation="https://maven.apache.org/surefire/maven-surefire-plugin/xsd/surefire-test-report.xsd" name="TestSuite" time="148.993" tests="21" errors="0" skipped="7" failures="12">
  <properties>
[...]
</properties>
  <testcase name="assignComplaintDGRO" classname="testcore.scenarios.PGRFlows" time="19.705"/>
  <testcase name="assignComplaintGRO" classname="testcore.scenarios.PGRFlows" time="18.247"/>
  <testcase name="fileComplaintCitizen" classname="testcore.scenarios.PGRFlows" time="14.047">
    <failure message="Issue in throwControlActionException for Platform: DESKTOP_WEB, Page: ComplaintsPage, Control Name: txtUploadPhoto. Exception: invalid argument: File not found : ./uploadFiles/IDProof.jpeg&#10;  (Session info: chrome=71.0.3578.98)&#10;  (Driver info: chromedriver=2.41.578700 (2f1ed5f9343c13f73144538f15c00b370eda6706),platform=Linux 4.15.0-43-generic x86_64) (WARNING: The server did not provide any stacktrace information)&#10;Command duration or timeout: 0 milliseconds&#10;Build info: version: &apos;3.7.1&apos;, revision: &apos;8a0099a&apos;, time: &apos;2017-11-06T21:01:39.354Z&apos;&#10;System info: host: &apos;Lata-Naik&apos;, ip: &apos;127.0.1.1&apos;, os.name: &apos;Linux&apos;, os.arch: &apos;amd64&apos;, os.version: &apos;4.15.0-43-generic&apos;, java.version: &apos;1.8.0_192&apos;&#10;Driver info: org.openqa.selenium.chrome.ChromeDriver&#10;Capabilities {acceptInsecureCerts: false, acceptSslCerts: false, applicationCacheEnabled: false, browserConnectionEnabled: false, browserName: chrome, chrome: {chromedriverVersion: 2.41.578700 (2f1ed5f9343c13..., userDataDir: /tmp/.org.chromium.Chromium...}, cssSelectorsEnabled: true, databaseEnabled: false, goog:chromeOptions: {debuggerAddress: localhost:38261}, handlesAlerts: true, hasTouchScreen: false, javascriptEnabled: true, locationContextEnabled: true, mobileEmulationEnabled: false, nativeEvents: true, networkConnectionEnabled: false, pageLoadStrategy: none, platform: LINUX, platformName: LINUX, rotatable: false, setWindowRect: true, takesHeapSnapshot: true, takesScreenshot: true, unexpectedAlertBehaviour: , unhandledPromptBehavior: , version: 71.0.3578.98, webStorageEnabled: true}&#10;Session ID: 1aa1e89e3ac603a2d0840e887dfe6642" type="java.lang.Exception">java.lang.Exception: 
Issue in throwControlActionException for Platform: DESKTOP_WEB, Page: ComplaintsPage, Control Name: txtUploadPhoto. Exception: invalid argument: File not found : ./uploadFiles/IDProof.jpeg
  (Session info: chrome=71.0.3578.98)
  (Driver info: chromedriver=2.41.578700 (2f1ed5f9343c13f73144538f15c00b370eda6706),platform=Linux 4.15.0-43-generic x86_64) (WARNING: The server did not provide any stacktrace information)
Command duration or timeout: 0 milliseconds
Build info: version: '3.7.1', revision: '8a0099a', time: '2017-11-06T21:01:39.354Z'
System info: host: 'Lata-Naik', ip: '127.0.1.1', os.name: 'Linux', os.arch: 'amd64', os.version: '4.15.0-43-generic', java.version: '1.8.0_192'
Driver info: org.openqa.selenium.chrome.ChromeDriver
Capabilities {acceptInsecureCerts: false, acceptSslCerts: false, applicationCacheEnabled: false, browserConnectionEnabled: false, browserName: chrome, chrome: {chromedriverVersion: 2.41.578700 (2f1ed5f9343c13..., userDataDir: /tmp/.org.chromium.Chromium...}, cssSelectorsEnabled: true, databaseEnabled: false, goog:chromeOptions: {debuggerAddress: localhost:38261}, handlesAlerts: true, hasTouchScreen: false, javascriptEnabled: true, locationContextEnabled: true, mobileEmulationEnabled: false, nativeEvents: true, networkConnectionEnabled: false, pageLoadStrategy: none, platform: LINUX, platformName: LINUX, rotatable: false, setWindowRect: true, takesHeapSnapshot: true, takesScreenshot: true, unexpectedAlertBehaviour: , unhandledPromptBehavior: , version: 71.0.3578.98, webStorageEnabled: true}
Session ID: 1aa1e89e3ac603a2d0840e887dfe6642
	at testcore.scenarios.PGRFlows.fileComplaintCitizen(PGRFlows.java:13)
</failure>
    <system-out><![CDATA[[INFO ] [Thread:main] 2019-01-03 11:11:56,842 testcore.scenarios.SupportTest.tearDown:L68 - Tear down for test method [assignComplaintGRO] started.
[INFO ] [Thread:main] 2019-01-03 11:11:58,196 testcore.scenarios.SupportTest.tearDown:L73 - Tear down for test method [assignComplaintGRO] ended.
[INFO ] [Thread:main] 2019-01-03 11:11:58,197 testcore.scenarios.SupportTest.runOncePerMethod:L54 - Set up for test method [fileComplaintCitizen] started.
[INFO ] [Thread:main] 2019-01-03 11:12:16,475 testcore.scenarios.SupportTest.runOncePerMethod:L63 - Set up for test method [fileComplaintCitizen] ended.
[INFO ] [Thread:main] 2019-01-03 11:12:16,475 testcore.pages.HomePage.navigateToURL:L27 - New URL: https://egov-micro-qa.egovernments.org/citizen/user/login
[INFO ] [Thread:main] 2019-01-03 11:12:27,401 testcore.pages.HomePage.isUserLoggedIn:L66 - Logged in user lata
[ERROR] [Thread:main] 2019-01-03 11:12:30,441 control.Control.throwControlActionException:L88 - Issue in throwControlActionException for Platform: DESKTOP_WEB, Page: ComplaintsPage, Control Name: txtUploadPhoto. Exception: invalid argument: File not found : ./uploadFiles/IDProof.jpeg
  (Session info: chrome=71.0.3578.98)
  (Driver info: chromedriver=2.41.578700 (2f1ed5f9343c13f73144538f15c00b370eda6706),platform=Linux 4.15.0-43-generic x86_64) (WARNING: The server did not provide any stacktrace information)
Command duration or timeout: 0 milliseconds
Build info: version: '3.7.1', revision: '8a0099a', time: '2017-11-06T21:01:39.354Z'
System info: host: 'Lata-Naik', ip: '127.0.1.1', os.name: 'Linux', os.arch: 'amd64', os.version: '4.15.0-43-generic', java.version: '1.8.0_192'
Driver info: org.openqa.selenium.chrome.ChromeDriver
Capabilities {acceptInsecureCerts: false, acceptSslCerts: false, applicationCacheEnabled: false, browserConnectionEnabled: false, browserName: chrome, chrome: {chromedriverVersion: 2.41.578700 (2f1ed5f9343c13..., userDataDir: /tmp/.org.chromium.Chromium...}, cssSelectorsEnabled: true, databaseEnabled: false, goog:chromeOptions: {debuggerAddress: localhost:38261}, handlesAlerts: true, hasTouchScreen: false, javascriptEnabled: true, locationContextEnabled: true, mobileEmulationEnabled: false, nativeEvents: true, networkConnectionEnabled: false, pageLoadStrategy: none, platform: LINUX, platformName: LINUX, rotatable: false, setWindowRect: true, takesHeapSnapshot: true, takesScreenshot: true, unexpectedAlertBehaviour: , unhandledPromptBehavior: , version: 71.0.3578.98, webStorageEnabled: true}
Session ID: 1aa1e89e3ac603a2d0840e887dfe6642
]]></system-out>
    <system-err><![CDATA[Starting ChromeDriver 2.41.578700 (2f1ed5f9343c13f73144538f15c00b370eda6706) on port 16828
Only local connections are allowed.
Jan 03, 2019 11:12:16 AM org.openqa.selenium.remote.ProtocolHandshake createSession
INFO: Detected dialect: OSS
]]></system-err>
  </testcase>
  <testcase name="runOncePerMethod" classname="testcore.scenarios.PGRFlows" time="18.511">
    <failure message="unknown error: failed to change window state to maximized, current state is normal&#10;  (Session info: chrome=71.0.3578.98)&#10;  (Driver info: chromedriver=2.41.578700 (2f1ed5f9343c13f73144538f15c00b370eda6706),platform=Linux 4.15.0-43-generic x86_64) (WARNING: The server did not provide any stacktrace information)&#10;Command duration or timeout: 0 milliseconds&#10;Build info: version: &apos;3.7.1&apos;, revision: &apos;8a0099a&apos;, time: &apos;2017-11-06T21:01:39.354Z&apos;&#10;System info: host: &apos;Lata-Naik&apos;, ip: &apos;127.0.1.1&apos;, os.name: &apos;Linux&apos;, os.arch: &apos;amd64&apos;, os.version: &apos;4.15.0-43-generic&apos;, java.version: &apos;1.8.0_192&apos;&#10;Driver info: org.openqa.selenium.chrome.ChromeDriver&#10;Capabilities {acceptInsecureCerts: false, acceptSslCerts: false, applicationCacheEnabled: false, browserConnectionEnabled: false, browserName: chrome, chrome: {chromedriverVersion: 2.41.578700 (2f1ed5f9343c13..., userDataDir: /tmp/.org.chromium.Chromium...}, cssSelectorsEnabled: true, databaseEnabled: false, goog:chromeOptions: {debuggerAddress: localhost:38359}, handlesAlerts: true, hasTouchScreen: false, javascriptEnabled: true, locationContextEnabled: true, mobileEmulationEnabled: false, nativeEvents: true, networkConnectionEnabled: false, pageLoadStrategy: none, platform: LINUX, platformName: LINUX, rotatable: false, setWindowRect: true, takesHeapSnapshot: true, takesScreenshot: true, unexpectedAlertBehaviour: , unhandledPromptBehavior: , version: 71.0.3578.98, webStorageEnabled: true}&#10;Session ID: eefcdd886a571feaf1836f9a26d83d49" type="org.openqa.selenium.WebDriverException">org.openqa.selenium.WebDriverException: 
unknown error: failed to change window state to maximized, current state is normal
  (Session info: chrome=71.0.3578.98)
  (Driver info: chromedriver=2.41.578700 (2f1ed5f9343c13f73144538f15c00b370eda6706),platform=Linux 4.15.0-43-generic x86_64) (WARNING: The server did not provide any stacktrace information)
Command duration or timeout: 0 milliseconds
Build info: version: '3.7.1', revision: '8a0099a', time: '2017-11-06T21:01:39.354Z'
System info: host: 'Lata-Naik', ip: '127.0.1.1', os.name: 'Linux', os.arch: 'amd64', os.version: '4.15.0-43-generic', java.version: '1.8.0_192'
Driver info: org.openqa.selenium.chrome.ChromeDriver
Capabilities {acceptInsecureCerts: false, acceptSslCerts: false, applicationCacheEnabled: false, browserConnectionEnabled: false, browserName: chrome, chrome: {chromedriverVersion: 2.41.578700 (2f1ed5f9343c13..., userDataDir: /tmp/.org.chromium.Chromium...}, cssSelectorsEnabled: true, databaseEnabled: false, goog:chromeOptions: {debuggerAddress: localhost:38359}, handlesAlerts: true, hasTouchScreen: false, javascriptEnabled: true, locationContextEnabled: true, mobileEmulationEnabled: false, nativeEvents: true, networkConnectionEnabled: false, pageLoadStrategy: none, platform: LINUX, platformName: LINUX, rotatable: false, setWindowRect: true, takesHeapSnapshot: true, takesScreenshot: true, unexpectedAlertBehaviour: , unhandledPromptBehavior: , version: 71.0.3578.98, webStorageEnabled: true}
Session ID: eefcdd886a571feaf1836f9a26d83d49
</failure>
    <system-out><![CDATA[[INFO ] [Thread:main] 2019-01-03 11:12:30,498 testcore.scenarios.SupportTest.tearDown:L68 - Tear down for test method [fileComplaintCitizen] started.
[INFO ] [Thread:main] 2019-01-03 11:12:30,783 testcore.scenarios.SupportTest.tearDown:L73 - Tear down for test method [fileComplaintCitizen] ended.
[INFO ] [Thread:main] 2019-01-03 11:12:30,785 testcore.scenarios.SupportTest.runOncePerMethod:L54 - Set up for test method [rateComplaintCitizen] started.
]]></system-out>
    <system-err><![CDATA[Starting ChromeDriver 2.41.578700 (2f1ed5f9343c13f73144538f15c00b370eda6706) on port 20133
Only local connections are allowed.
Jan 03, 2019 11:12:34 AM org.openqa.selenium.remote.ProtocolHandshake createSession
INFO: Detected dialect: OSS
]]></system-err>
  </testcase>
  <testcase name="runOncePerMethod" classname="testcore.scenarios.PGRFlows" time="20.062">
    <failure message="unknown error: failed to change window state to maximized, current state is normal&#10;  (Session info: chrome=71.0.3578.98)&#10;  (Driver info: chromedriver=2.41.578700 (2f1ed5f9343c13f73144538f15c00b370eda6706),platform=Linux 4.15.0-43-generic x86_64) (WARNING: The server did not provide any stacktrace information)&#10;Command duration or timeout: 0 milliseconds&#10;Build info: version: &apos;3.7.1&apos;, revision: &apos;8a0099a&apos;, time: &apos;2017-11-06T21:01:39.354Z&apos;&#10;System info: host: &apos;Lata-Naik&apos;, ip: &apos;127.0.1.1&apos;, os.name: &apos;Linux&apos;, os.arch: &apos;amd64&apos;, os.version: &apos;4.15.0-43-generic&apos;, java.version: &apos;1.8.0_192&apos;&#10;Driver info: org.openqa.selenium.chrome.ChromeDriver&#10;Capabilities {acceptInsecureCerts: false, acceptSslCerts: false, applicationCacheEnabled: false, browserConnectionEnabled: false, browserName: chrome, chrome: {chromedriverVersion: 2.41.578700 (2f1ed5f9343c13..., userDataDir: /tmp/.org.chromium.Chromium...}, cssSelectorsEnabled: true, databaseEnabled: false, goog:chromeOptions: {debuggerAddress: localhost:40007}, handlesAlerts: true, hasTouchScreen: false, javascriptEnabled: true, locationContextEnabled: true, mobileEmulationEnabled: false, nativeEvents: true, networkConnectionEnabled: false, pageLoadStrategy: none, platform: LINUX, platformName: LINUX, rotatable: false, setWindowRect: true, takesHeapSnapshot: true, takesScreenshot: true, unexpectedAlertBehaviour: , unhandledPromptBehavior: , version: 71.0.3578.98, webStorageEnabled: true}&#10;Session ID: e570ab7a1d2fb96061b7aef18f79c314" type="org.openqa.selenium.WebDriverException">org.openqa.selenium.WebDriverException: 
unknown error: failed to change window state to maximized, current state is normal
  (Session info: chrome=71.0.3578.98)
  (Driver info: chromedriver=2.41.578700 (2f1ed5f9343c13f73144538f15c00b370eda6706),platform=Linux 4.15.0-43-generic x86_64) (WARNING: The server did not provide any stacktrace information)
Command duration or timeout: 0 milliseconds
Build info: version: '3.7.1', revision: '8a0099a', time: '2017-11-06T21:01:39.354Z'
System info: host: 'Lata-Naik', ip: '127.0.1.1', os.name: 'Linux', os.arch: 'amd64', os.version: '4.15.0-43-generic', java.version: '1.8.0_192'
Driver info: org.openqa.selenium.chrome.ChromeDriver
Capabilities {acceptInsecureCerts: false, acceptSslCerts: false, applicationCacheEnabled: false, browserConnectionEnabled: false, browserName: chrome, chrome: {chromedriverVersion: 2.41.578700 (2f1ed5f9343c13..., userDataDir: /tmp/.org.chromium.Chromium...}, cssSelectorsEnabled: true, databaseEnabled: false, goog:chromeOptions: {debuggerAddress: localhost:40007}, handlesAlerts: true, hasTouchScreen: false, javascriptEnabled: true, locationContextEnabled: true, mobileEmulationEnabled: false, nativeEvents: true, networkConnectionEnabled: false, pageLoadStrategy: none, platform: LINUX, platformName: LINUX, rotatable: false, setWindowRect: true, takesHeapSnapshot: true, takesScreenshot: true, unexpectedAlertBehaviour: , unhandledPromptBehavior: , version: 71.0.3578.98, webStorageEnabled: true}
Session ID: e570ab7a1d2fb96061b7aef18f79c314
</failure>
    <system-out><![CDATA[[INFO ] [Thread:main] 2019-01-03 11:12:35,056 testcore.scenarios.SupportTest.tearDown:L68 - Tear down for test method [rateComplaintCitizen] started.
[INFO ] [Thread:main] 2019-01-03 11:12:35,057 testcore.scenarios.SupportTest.tearDown:L73 - Tear down for test method [rateComplaintCitizen] ended.
[INFO ] [Thread:main] 2019-01-03 11:12:35,060 testcore.scenarios.SupportTest.runOncePerMethod:L54 - Set up for test method [rejectComplaintGRO] started.
]]></system-out>
    <system-err><![CDATA[Starting ChromeDriver 2.41.578700 (2f1ed5f9343c13f73144538f15c00b370eda6706) on port 31218
Only local connections are allowed.
Jan 03, 2019 11:12:36 AM org.openqa.selenium.remote.ProtocolHandshake createSession
INFO: Detected dialect: OSS
]]></system-err>
  </testcase>
  <testcase name="runOncePerMethod" classname="testcore.scenarios.PGRFlows" time="26.095">
    <failure message="unknown error: failed to change window state to maximized, current state is normal&#10;  (Session info: chrome=71.0.3578.98)&#10;  (Driver info: chromedriver=2.41.578700 (2f1ed5f9343c13f73144538f15c00b370eda6706),platform=Linux 4.15.0-43-generic x86_64) (WARNING: The server did not provide any stacktrace information)&#10;Command duration or timeout: 0 milliseconds&#10;Build info: version: &apos;3.7.1&apos;, revision: &apos;8a0099a&apos;, time: &apos;2017-11-06T21:01:39.354Z&apos;&#10;System info: host: &apos;Lata-Naik&apos;, ip: &apos;127.0.1.1&apos;, os.name: &apos;Linux&apos;, os.arch: &apos;amd64&apos;, os.version: &apos;4.15.0-43-generic&apos;, java.version: &apos;1.8.0_192&apos;&#10;Driver info: org.openqa.selenium.chrome.ChromeDriver&#10;Capabilities {acceptInsecureCerts: false, acceptSslCerts: false, applicationCacheEnabled: false, browserConnectionEnabled: false, browserName: chrome, chrome: {chromedriverVersion: 2.41.578700 (2f1ed5f9343c13..., userDataDir: /tmp/.org.chromium.Chromium...}, cssSelectorsEnabled: true, databaseEnabled: false, goog:chromeOptions: {debuggerAddress: localhost:41071}, handlesAlerts: true, hasTouchScreen: false, javascriptEnabled: true, locationContextEnabled: true, mobileEmulationEnabled: false, nativeEvents: true, networkConnectionEnabled: false, pageLoadStrategy: none, platform: LINUX, platformName: LINUX, rotatable: false, setWindowRect: true, takesHeapSnapshot: true, takesScreenshot: true, unexpectedAlertBehaviour: , unhandledPromptBehavior: , version: 71.0.3578.98, webStorageEnabled: true}&#10;Session ID: 4a04c8f36af1fa322f3c8878ad09353b" type="org.openqa.selenium.WebDriverException">org.openqa.selenium.WebDriverException: 
unknown error: failed to change window state to maximized, current state is normal
  (Session info: chrome=71.0.3578.98)
  (Driver info: chromedriver=2.41.578700 (2f1ed5f9343c13f73144538f15c00b370eda6706),platform=Linux 4.15.0-43-generic x86_64) (WARNING: The server did not provide any stacktrace information)
Command duration or timeout: 0 milliseconds
Build info: version: '3.7.1', revision: '8a0099a', time: '2017-11-06T21:01:39.354Z'
System info: host: 'Lata-Naik', ip: '127.0.1.1', os.name: 'Linux', os.arch: 'amd64', os.version: '4.15.0-43-generic', java.version: '1.8.0_192'
Driver info: org.openqa.selenium.chrome.ChromeDriver
Capabilities {acceptInsecureCerts: false, acceptSslCerts: false, applicationCacheEnabled: false, browserConnectionEnabled: false, browserName: chrome, chrome: {chromedriverVersion: 2.41.578700 (2f1ed5f9343c13..., userDataDir: /tmp/.org.chromium.Chromium...}, cssSelectorsEnabled: true, databaseEnabled: false, goog:chromeOptions: {debuggerAddress: localhost:41071}, handlesAlerts: true, hasTouchScreen: false, javascriptEnabled: true, locationContextEnabled: true, mobileEmulationEnabled: false, nativeEvents: true, networkConnectionEnabled: false, pageLoadStrategy: none, platform: LINUX, platformName: LINUX, rotatable: false, setWindowRect: true, takesHeapSnapshot: true, takesScreenshot: true, unexpectedAlertBehaviour: , unhandledPromptBehavior: , version: 71.0.3578.98, webStorageEnabled: true}
Session ID: 4a04c8f36af1fa322f3c8878ad09353b
</failure>
    <system-out><![CDATA[[INFO ] [Thread:main] 2019-01-03 11:12:36,542 testcore.scenarios.SupportTest.tearDown:L68 - Tear down for test method [rejectComplaintGRO] started.
[INFO ] [Thread:main] 2019-01-03 11:12:36,543 testcore.scenarios.SupportTest.tearDown:L73 - Tear down for test method [rejectComplaintGRO] ended.
[INFO ] [Thread:main] 2019-01-03 11:12:36,544 testcore.scenarios.SupportTest.runOncePerMethod:L54 - Set up for test method [resolveComplaintLME] started.
]]></system-out>
    <system-err><![CDATA[Starting ChromeDriver 2.41.578700 (2f1ed5f9343c13f73144538f15c00b370eda6706) on port 23082
Only local connections are allowed.
Jan 03, 2019 11:12:42 AM org.openqa.selenium.remote.ProtocolHandshake createSession
INFO: Detected dialect: OSS
]]></system-err>
  </testcase>
  <testcase name="rateComplaintCitizen" classname="testcore.scenarios.PGRFlows" time="0">
    <skipped message="unknown error: failed to change window state to maximized, current state is normal&#10;  (Session info: chrome=71.0.3578.98)&#10;  (Driver info: chromedriver=2.41.578700 (2f1ed5f9343c13f73144538f15c00b370eda6706),platform=Linux 4.15.0-43-generic x86_64) (WARNING: The server did not provide any stacktrace information)&#10;Command duration or timeout: 0 milliseconds&#10;Build info: version: &apos;3.7.1&apos;, revision: &apos;8a0099a&apos;, time: &apos;2017-11-06T21:01:39.354Z&apos;&#10;System info: host: &apos;Lata-Naik&apos;, ip: &apos;127.0.1.1&apos;, os.name: &apos;Linux&apos;, os.arch: &apos;amd64&apos;, os.version: &apos;4.15.0-43-generic&apos;, java.version: &apos;1.8.0_192&apos;&#10;Driver info: org.openqa.selenium.chrome.ChromeDriver&#10;Capabilities {acceptInsecureCerts: false, acceptSslCerts: false, applicationCacheEnabled: false, browserConnectionEnabled: false, browserName: chrome, chrome: {chromedriverVersion: 2.41.578700 (2f1ed5f9343c13..., userDataDir: /tmp/.org.chromium.Chromium...}, cssSelectorsEnabled: true, databaseEnabled: false, goog:chromeOptions: {debuggerAddress: localhost:38359}, handlesAlerts: true, hasTouchScreen: false, javascriptEnabled: true, locationContextEnabled: true, mobileEmulationEnabled: false, nativeEvents: true, networkConnectionEnabled: false, pageLoadStrategy: none, platform: LINUX, platformName: LINUX, rotatable: false, setWindowRect: true, takesHeapSnapshot: true, takesScreenshot: true, unexpectedAlertBehaviour: , unhandledPromptBehavior: , version: 71.0.3578.98, webStorageEnabled: true}&#10;Session ID: eefcdd886a571feaf1836f9a26d83d49"/>
  </testcase>
  <testcase name="rejectComplaintGRO" classname="testcore.scenarios.PGRFlows" time="0">
    <skipped message="unknown error: failed to change window state to maximized, current state is normal&#10;  (Session info: chrome=71.0.3578.98)&#10;  (Driver info: chromedriver=2.41.578700 (2f1ed5f9343c13f73144538f15c00b370eda6706),platform=Linux 4.15.0-43-generic x86_64) (WARNING: The server did not provide any stacktrace information)&#10;Command duration or timeout: 0 milliseconds&#10;Build info: version: &apos;3.7.1&apos;, revision: &apos;8a0099a&apos;, time: &apos;2017-11-06T21:01:39.354Z&apos;&#10;System info: host: &apos;Lata-Naik&apos;, ip: &apos;127.0.1.1&apos;, os.name: &apos;Linux&apos;, os.arch: &apos;amd64&apos;, os.version: &apos;4.15.0-43-generic&apos;, java.version: &apos;1.8.0_192&apos;&#10;Driver info: org.openqa.selenium.chrome.ChromeDriver&#10;Capabilities {acceptInsecureCerts: false, acceptSslCerts: false, applicationCacheEnabled: false, browserConnectionEnabled: false, browserName: chrome, chrome: {chromedriverVersion: 2.41.578700 (2f1ed5f9343c13..., userDataDir: /tmp/.org.chromium.Chromium...}, cssSelectorsEnabled: true, databaseEnabled: false, goog:chromeOptions: {debuggerAddress: localhost:40007}, handlesAlerts: true, hasTouchScreen: false, javascriptEnabled: true, locationContextEnabled: true, mobileEmulationEnabled: false, nativeEvents: true, networkConnectionEnabled: false, pageLoadStrategy: none, platform: LINUX, platformName: LINUX, rotatable: false, setWindowRect: true, takesHeapSnapshot: true, takesScreenshot: true, unexpectedAlertBehaviour: , unhandledPromptBehavior: , version: 71.0.3578.98, webStorageEnabled: true}&#10;Session ID: e570ab7a1d2fb96061b7aef18f79c314"/>
  </testcase>
  <testcase name="resolveComplaintLME" classname="testcore.scenarios.PGRFlows" time="0">
    <skipped message="unknown error: failed to change window state to maximized, current state is normal&#10;  (Session info: chrome=71.0.3578.98)&#10;  (Driver info: chromedriver=2.41.578700 (2f1ed5f9343c13f73144538f15c00b370eda6706),platform=Linux 4.15.0-43-generic x86_64) (WARNING: The server did not provide any stacktrace information)&#10;Command duration or timeout: 0 milliseconds&#10;Build info: version: &apos;3.7.1&apos;, revision: &apos;8a0099a&apos;, time: &apos;2017-11-06T21:01:39.354Z&apos;&#10;System info: host: &apos;Lata-Naik&apos;, ip: &apos;127.0.1.1&apos;, os.name: &apos;Linux&apos;, os.arch: &apos;amd64&apos;, os.version: &apos;4.15.0-43-generic&apos;, java.version: &apos;1.8.0_192&apos;&#10;Driver info: org.openqa.selenium.chrome.ChromeDriver&#10;Capabilities {acceptInsecureCerts: false, acceptSslCerts: false, applicationCacheEnabled: false, browserConnectionEnabled: false, browserName: chrome, chrome: {chromedriverVersion: 2.41.578700 (2f1ed5f9343c13..., userDataDir: /tmp/.org.chromium.Chromium...}, cssSelectorsEnabled: true, databaseEnabled: false, goog:chromeOptions: {debuggerAddress: localhost:41071}, handlesAlerts: true, hasTouchScreen: false, javascriptEnabled: true, locationContextEnabled: true, mobileEmulationEnabled: false, nativeEvents: true, networkConnectionEnabled: false, pageLoadStrategy: none, platform: LINUX, platformName: LINUX, rotatable: false, setWindowRect: true, takesHeapSnapshot: true, takesScreenshot: true, unexpectedAlertBehaviour: , unhandledPromptBehavior: , version: 71.0.3578.98, webStorageEnabled: true}&#10;Session ID: 4a04c8f36af1fa322f3c8878ad09353b"/>
  </testcase>
  <testcase name="runOncePerMethod" classname="testcore.scenarios.TLFlows" time="31.286">
    <failure message="unknown error: failed to change window state to maximized, current state is normal&#10;  (Session info: chrome=71.0.3578.98)&#10;  (Driver info: chromedriver=2.41.578700 (2f1ed5f9343c13f73144538f15c00b370eda6706),platform=Linux 4.15.0-43-generic x86_64) (WARNING: The server did not provide any stacktrace information)&#10;Command duration or timeout: 0 milliseconds&#10;Build info: version: &apos;3.7.1&apos;, revision: &apos;8a0099a&apos;, time: &apos;2017-11-06T21:01:39.354Z&apos;&#10;System info: host: &apos;Lata-Naik&apos;, ip: &apos;127.0.1.1&apos;, os.name: &apos;Linux&apos;, os.arch: &apos;amd64&apos;, os.version: &apos;4.15.0-43-generic&apos;, java.version: &apos;1.8.0_192&apos;&#10;Driver info: org.openqa.selenium.chrome.ChromeDriver&#10;Capabilities {acceptInsecureCerts: false, acceptSslCerts: false, applicationCacheEnabled: false, browserConnectionEnabled: false, browserName: chrome, chrome: {chromedriverVersion: 2.41.578700 (2f1ed5f9343c13..., userDataDir: /tmp/.org.chromium.Chromium...}, cssSelectorsEnabled: true, databaseEnabled: false, goog:chromeOptions: {debuggerAddress: localhost:33845}, handlesAlerts: true, hasTouchScreen: false, javascriptEnabled: true, locationContextEnabled: true, mobileEmulationEnabled: false, nativeEvents: true, networkConnectionEnabled: false, pageLoadStrategy: none, platform: LINUX, platformName: LINUX, rotatable: false, setWindowRect: true, takesHeapSnapshot: true, takesScreenshot: true, unexpectedAlertBehaviour: , unhandledPromptBehavior: , version: 71.0.3578.98, webStorageEnabled: true}&#10;Session ID: 4f14c1fadb4c97e4c5456f4821b9af11" type="org.openqa.selenium.WebDriverException">org.openqa.selenium.WebDriverException: 
unknown error: failed to change window state to maximized, current state is normal
  (Session info: chrome=71.0.3578.98)
  (Driver info: chromedriver=2.41.578700 (2f1ed5f9343c13f73144538f15c00b370eda6706),platform=Linux 4.15.0-43-generic x86_64) (WARNING: The server did not provide any stacktrace information)
Command duration or timeout: 0 milliseconds
Build info: version: '3.7.1', revision: '8a0099a', time: '2017-11-06T21:01:39.354Z'
System info: host: 'Lata-Naik', ip: '127.0.1.1', os.name: 'Linux', os.arch: 'amd64', os.version: '4.15.0-43-generic', java.version: '1.8.0_192'
Driver info: org.openqa.selenium.chrome.ChromeDriver
Capabilities {acceptInsecureCerts: false, acceptSslCerts: false, applicationCacheEnabled: false, browserConnectionEnabled: false, browserName: chrome, chrome: {chromedriverVersion: 2.41.578700 (2f1ed5f9343c13..., userDataDir: /tmp/.org.chromium.Chromium...}, cssSelectorsEnabled: true, databaseEnabled: false, goog:chromeOptions: {debuggerAddress: localhost:33845}, handlesAlerts: true, hasTouchScreen: false, javascriptEnabled: true, locationContextEnabled: true, mobileEmulationEnabled: false, nativeEvents: true, networkConnectionEnabled: false, pageLoadStrategy: none, platform: LINUX, platformName: LINUX, rotatable: false, setWindowRect: true, takesHeapSnapshot: true, takesScreenshot: true, unexpectedAlertBehaviour: , unhandledPromptBehavior: , version: 71.0.3578.98, webStorageEnabled: true}
Session ID: 4f14c1fadb4c97e4c5456f4821b9af11
</failure>
    <system-out><![CDATA[[INFO ] [Thread:main] 2019-01-03 11:12:42,572 testcore.scenarios.SupportTest.tearDown:L68 - Tear down for test method [resolveComplaintLME] started.
[INFO ] [Thread:main] 2019-01-03 11:12:42,573 testcore.scenarios.SupportTest.tearDown:L73 - Tear down for test method [resolveComplaintLME] ended.
[INFO ] [Thread:main] 2019-01-03 11:12:42,614 testcore.scenarios.SupportTest.runOncePerMethod:L54 - Set up for test method [approveTradeLicenseApprover] started.
]]></system-out>
    <system-err><![CDATA[Starting ChromeDriver 2.41.578700 (2f1ed5f9343c13f73144538f15c00b370eda6706) on port 16469
Only local connections are allowed.
Jan 03, 2019 11:12:47 AM org.openqa.selenium.remote.ProtocolHandshake createSession
INFO: Detected dialect: OSS
]]></system-err>
  </testcase>
  <testcase name="runOncePerMethod" classname="testcore.scenarios.TLFlows" time="38.787">
    <failure message="unknown error: failed to change window state to maximized, current state is normal&#10;  (Session info: chrome=71.0.3578.98)&#10;  (Driver info: chromedriver=2.41.578700 (2f1ed5f9343c13f73144538f15c00b370eda6706),platform=Linux 4.15.0-43-generic x86_64) (WARNING: The server did not provide any stacktrace information)&#10;Command duration or timeout: 0 milliseconds&#10;Build info: version: &apos;3.7.1&apos;, revision: &apos;8a0099a&apos;, time: &apos;2017-11-06T21:01:39.354Z&apos;&#10;System info: host: &apos;Lata-Naik&apos;, ip: &apos;127.0.1.1&apos;, os.name: &apos;Linux&apos;, os.arch: &apos;amd64&apos;, os.version: &apos;4.15.0-43-generic&apos;, java.version: &apos;1.8.0_192&apos;&#10;Driver info: org.openqa.selenium.chrome.ChromeDriver&#10;Capabilities {acceptInsecureCerts: false, acceptSslCerts: false, applicationCacheEnabled: false, browserConnectionEnabled: false, browserName: chrome, chrome: {chromedriverVersion: 2.41.578700 (2f1ed5f9343c13..., userDataDir: /tmp/.org.chromium.Chromium...}, cssSelectorsEnabled: true, databaseEnabled: false, goog:chromeOptions: {debuggerAddress: localhost:44961}, handlesAlerts: true, hasTouchScreen: false, javascriptEnabled: true, locationContextEnabled: true, mobileEmulationEnabled: false, nativeEvents: true, networkConnectionEnabled: false, pageLoadStrategy: none, platform: LINUX, platformName: LINUX, rotatable: false, setWindowRect: true, takesHeapSnapshot: true, takesScreenshot: true, unexpectedAlertBehaviour: , unhandledPromptBehavior: , version: 71.0.3578.98, webStorageEnabled: true}&#10;Session ID: 45df81112b975f44b3a3917f2dadbbc7" type="org.openqa.selenium.WebDriverException">org.openqa.selenium.WebDriverException: 
unknown error: failed to change window state to maximized, current state is normal
  (Session info: chrome=71.0.3578.98)
  (Driver info: chromedriver=2.41.578700 (2f1ed5f9343c13f73144538f15c00b370eda6706),platform=Linux 4.15.0-43-generic x86_64) (WARNING: The server did not provide any stacktrace information)
Command duration or timeout: 0 milliseconds
Build info: version: '3.7.1', revision: '8a0099a', time: '2017-11-06T21:01:39.354Z'
System info: host: 'Lata-Naik', ip: '127.0.1.1', os.name: 'Linux', os.arch: 'amd64', os.version: '4.15.0-43-generic', java.version: '1.8.0_192'
Driver info: org.openqa.selenium.chrome.ChromeDriver
Capabilities {acceptInsecureCerts: false, acceptSslCerts: false, applicationCacheEnabled: false, browserConnectionEnabled: false, browserName: chrome, chrome: {chromedriverVersion: 2.41.578700 (2f1ed5f9343c13..., userDataDir: /tmp/.org.chromium.Chromium...}, cssSelectorsEnabled: true, databaseEnabled: false, goog:chromeOptions: {debuggerAddress: localhost:44961}, handlesAlerts: true, hasTouchScreen: false, javascriptEnabled: true, locationContextEnabled: true, mobileEmulationEnabled: false, nativeEvents: true, networkConnectionEnabled: false, pageLoadStrategy: none, platform: LINUX, platformName: LINUX, rotatable: false, setWindowRect: true, takesHeapSnapshot: true, takesScreenshot: true, unexpectedAlertBehaviour: , unhandledPromptBehavior: , version: 71.0.3578.98, webStorageEnabled: true}
Session ID: 45df81112b975f44b3a3917f2dadbbc7
</failure>
    <system-out><![CDATA[[INFO ] [Thread:main] 2019-01-03 11:12:47,804 testcore.scenarios.SupportTest.runOncePerMethod:L54 - Set up for test method [createTradeLicenseCitizen] started.
]]></system-out>
    <system-err><![CDATA[Starting ChromeDriver 2.41.578700 (2f1ed5f9343c13f73144538f15c00b370eda6706) on port 5392
Only local connections are allowed.
Jan 03, 2019 11:12:55 AM org.openqa.selenium.remote.ProtocolHandshake createSession
INFO: Detected dialect: OSS
]]></system-err>
  </testcase>
  <testcase name="runOncePerMethod" classname="testcore.scenarios.TLFlows" time="44.8">
    <failure message="unknown error: failed to change window state to maximized, current state is normal&#10;  (Session info: chrome=71.0.3578.98)&#10;  (Driver info: chromedriver=2.41.578700 (2f1ed5f9343c13f73144538f15c00b370eda6706),platform=Linux 4.15.0-43-generic x86_64) (WARNING: The server did not provide any stacktrace information)&#10;Command duration or timeout: 0 milliseconds&#10;Build info: version: &apos;3.7.1&apos;, revision: &apos;8a0099a&apos;, time: &apos;2017-11-06T21:01:39.354Z&apos;&#10;System info: host: &apos;Lata-Naik&apos;, ip: &apos;127.0.1.1&apos;, os.name: &apos;Linux&apos;, os.arch: &apos;amd64&apos;, os.version: &apos;4.15.0-43-generic&apos;, java.version: &apos;1.8.0_192&apos;&#10;Driver info: org.openqa.selenium.chrome.ChromeDriver&#10;Capabilities {acceptInsecureCerts: false, acceptSslCerts: false, applicationCacheEnabled: false, browserConnectionEnabled: false, browserName: chrome, chrome: {chromedriverVersion: 2.41.578700 (2f1ed5f9343c13..., userDataDir: /tmp/.org.chromium.Chromium...}, cssSelectorsEnabled: true, databaseEnabled: false, goog:chromeOptions: {debuggerAddress: localhost:36301}, handlesAlerts: true, hasTouchScreen: false, javascriptEnabled: true, locationContextEnabled: true, mobileEmulationEnabled: false, nativeEvents: true, networkConnectionEnabled: false, pageLoadStrategy: none, platform: LINUX, platformName: LINUX, rotatable: false, setWindowRect: true, takesHeapSnapshot: true, takesScreenshot: true, unexpectedAlertBehaviour: , unhandledPromptBehavior: , version: 71.0.3578.98, webStorageEnabled: true}&#10;Session ID: bb17e2e790eb683db8647125de95eaa7" type="org.openqa.selenium.WebDriverException">org.openqa.selenium.WebDriverException: 
unknown error: failed to change window state to maximized, current state is normal
  (Session info: chrome=71.0.3578.98)
  (Driver info: chromedriver=2.41.578700 (2f1ed5f9343c13f73144538f15c00b370eda6706),platform=Linux 4.15.0-43-generic x86_64) (WARNING: The server did not provide any stacktrace information)
Command duration or timeout: 0 milliseconds
Build info: version: '3.7.1', revision: '8a0099a', time: '2017-11-06T21:01:39.354Z'
System info: host: 'Lata-Naik', ip: '127.0.1.1', os.name: 'Linux', os.arch: 'amd64', os.version: '4.15.0-43-generic', java.version: '1.8.0_192'
Driver info: org.openqa.selenium.chrome.ChromeDriver
Capabilities {acceptInsecureCerts: false, acceptSslCerts: false, applicationCacheEnabled: false, browserConnectionEnabled: false, browserName: chrome, chrome: {chromedriverVersion: 2.41.578700 (2f1ed5f9343c13..., userDataDir: /tmp/.org.chromium.Chromium...}, cssSelectorsEnabled: true, databaseEnabled: false, goog:chromeOptions: {debuggerAddress: localhost:36301}, handlesAlerts: true, hasTouchScreen: false, javascriptEnabled: true, locationContextEnabled: true, mobileEmulationEnabled: false, nativeEvents: true, networkConnectionEnabled: false, pageLoadStrategy: none, platform: LINUX, platformName: LINUX, rotatable: false, setWindowRect: true, takesHeapSnapshot: true, takesScreenshot: true, unexpectedAlertBehaviour: , unhandledPromptBehavior: , version: 71.0.3578.98, webStorageEnabled: true}
Session ID: bb17e2e790eb683db8647125de95eaa7
</failure>
    <system-out><![CDATA[[INFO ] [Thread:main] 2019-01-03 11:12:55,264 testcore.scenarios.SupportTest.runOncePerMethod:L54 - Set up for test method [createTradeLicenseCounterEmployee] started.
]]></system-out>
    <system-err><![CDATA[Starting ChromeDriver 2.41.578700 (2f1ed5f9343c13f73144538f15c00b370eda6706) on port 17802
Only local connections are allowed.
Jan 03, 2019 11:13:01 AM org.openqa.selenium.remote.ProtocolHandshake createSession
INFO: Detected dialect: OSS
]]></system-err>
  </testcase>
  <testcase name="runOncePerMethod" classname="testcore.scenarios.TLFlows" time="51.573">
    <failure message="unknown error: failed to change window state to maximized, current state is normal&#10;  (Session info: chrome=71.0.3578.98)&#10;  (Driver info: chromedriver=2.41.578700 (2f1ed5f9343c13f73144538f15c00b370eda6706),platform=Linux 4.15.0-43-generic x86_64) (WARNING: The server did not provide any stacktrace information)&#10;Command duration or timeout: 0 milliseconds&#10;Build info: version: &apos;3.7.1&apos;, revision: &apos;8a0099a&apos;, time: &apos;2017-11-06T21:01:39.354Z&apos;&#10;System info: host: &apos;Lata-Naik&apos;, ip: &apos;127.0.1.1&apos;, os.name: &apos;Linux&apos;, os.arch: &apos;amd64&apos;, os.version: &apos;4.15.0-43-generic&apos;, java.version: &apos;1.8.0_192&apos;&#10;Driver info: org.openqa.selenium.chrome.ChromeDriver&#10;Capabilities {acceptInsecureCerts: false, acceptSslCerts: false, applicationCacheEnabled: false, browserConnectionEnabled: false, browserName: chrome, chrome: {chromedriverVersion: 2.41.578700 (2f1ed5f9343c13..., userDataDir: /tmp/.org.chromium.Chromium...}, cssSelectorsEnabled: true, databaseEnabled: false, goog:chromeOptions: {debuggerAddress: localhost:39511}, handlesAlerts: true, hasTouchScreen: false, javascriptEnabled: true, locationContextEnabled: true, mobileEmulationEnabled: false, nativeEvents: true, networkConnectionEnabled: false, pageLoadStrategy: none, platform: LINUX, platformName: LINUX, rotatable: false, setWindowRect: true, takesHeapSnapshot: true, takesScreenshot: true, unexpectedAlertBehaviour: , unhandledPromptBehavior: , version: 71.0.3578.98, webStorageEnabled: true}&#10;Session ID: 17dd3fce53659577fb976b1e6d55e11b" type="org.openqa.selenium.WebDriverException">org.openqa.selenium.WebDriverException: 
unknown error: failed to change window state to maximized, current state is normal
  (Session info: chrome=71.0.3578.98)
  (Driver info: chromedriver=2.41.578700 (2f1ed5f9343c13f73144538f15c00b370eda6706),platform=Linux 4.15.0-43-generic x86_64) (WARNING: The server did not provide any stacktrace information)
Command duration or timeout: 0 milliseconds
Build info: version: '3.7.1', revision: '8a0099a', time: '2017-11-06T21:01:39.354Z'
System info: host: 'Lata-Naik', ip: '127.0.1.1', os.name: 'Linux', os.arch: 'amd64', os.version: '4.15.0-43-generic', java.version: '1.8.0_192'
Driver info: org.openqa.selenium.chrome.ChromeDriver
Capabilities {acceptInsecureCerts: false, acceptSslCerts: false, applicationCacheEnabled: false, browserConnectionEnabled: false, browserName: chrome, chrome: {chromedriverVersion: 2.41.578700 (2f1ed5f9343c13..., userDataDir: /tmp/.org.chromium.Chromium...}, cssSelectorsEnabled: true, databaseEnabled: false, goog:chromeOptions: {debuggerAddress: localhost:39511}, handlesAlerts: true, hasTouchScreen: false, javascriptEnabled: true, locationContextEnabled: true, mobileEmulationEnabled: false, nativeEvents: true, networkConnectionEnabled: false, pageLoadStrategy: none, platform: LINUX, platformName: LINUX, rotatable: false, setWindowRect: true, takesHeapSnapshot: true, takesScreenshot: true, unexpectedAlertBehaviour: , unhandledPromptBehavior: , version: 71.0.3578.98, webStorageEnabled: true}
Session ID: 17dd3fce53659577fb976b1e6d55e11b
</failure>
    <system-out><![CDATA[[INFO ] [Thread:main] 2019-01-03 11:13:01,279 testcore.scenarios.SupportTest.runOncePerMethod:L54 - Set up for test method [rejectTradeLicenseApprover] started.
]]></system-out>
    <system-err><![CDATA[Starting ChromeDriver 2.41.578700 (2f1ed5f9343c13f73144538f15c00b370eda6706) on port 26808
Only local connections are allowed.
Jan 03, 2019 11:13:07 AM org.openqa.selenium.remote.ProtocolHandshake createSession
INFO: Detected dialect: OSS
]]></system-err>
  </testcase>
  <testcase name="approveTradeLicenseApprover" classname="testcore.scenarios.TLFlows" time="0">
    <skipped message="unknown error: failed to change window state to maximized, current state is normal&#10;  (Session info: chrome=71.0.3578.98)&#10;  (Driver info: chromedriver=2.41.578700 (2f1ed5f9343c13f73144538f15c00b370eda6706),platform=Linux 4.15.0-43-generic x86_64) (WARNING: The server did not provide any stacktrace information)&#10;Command duration or timeout: 0 milliseconds&#10;Build info: version: &apos;3.7.1&apos;, revision: &apos;8a0099a&apos;, time: &apos;2017-11-06T21:01:39.354Z&apos;&#10;System info: host: &apos;Lata-Naik&apos;, ip: &apos;127.0.1.1&apos;, os.name: &apos;Linux&apos;, os.arch: &apos;amd64&apos;, os.version: &apos;4.15.0-43-generic&apos;, java.version: &apos;1.8.0_192&apos;&#10;Driver info: org.openqa.selenium.chrome.ChromeDriver&#10;Capabilities {acceptInsecureCerts: false, acceptSslCerts: false, applicationCacheEnabled: false, browserConnectionEnabled: false, browserName: chrome, chrome: {chromedriverVersion: 2.41.578700 (2f1ed5f9343c13..., userDataDir: /tmp/.org.chromium.Chromium...}, cssSelectorsEnabled: true, databaseEnabled: false, goog:chromeOptions: {debuggerAddress: localhost:33845}, handlesAlerts: true, hasTouchScreen: false, javascriptEnabled: true, locationContextEnabled: true, mobileEmulationEnabled: false, nativeEvents: true, networkConnectionEnabled: false, pageLoadStrategy: none, platform: LINUX, platformName: LINUX, rotatable: false, setWindowRect: true, takesHeapSnapshot: true, takesScreenshot: true, unexpectedAlertBehaviour: , unhandledPromptBehavior: , version: 71.0.3578.98, webStorageEnabled: true}&#10;Session ID: 4f14c1fadb4c97e4c5456f4821b9af11"/>
  </testcase>
  <testcase name="tearDown" classname="testcore.scenarios.TLFlows" time="31.327">
    <failure type="java.lang.NullPointerException">java.lang.NullPointerException
</failure>
    <system-out><![CDATA[[INFO ] [Thread:main] 2019-01-03 11:12:47,765 testcore.scenarios.SupportTest.tearDown:L68 - Tear down for test method [approveTradeLicenseApprover] started.
]]></system-out>
  </testcase>
  <testcase name="tearDown" classname="testcore.scenarios.TLFlows" time="38.789">
    <failure type="java.lang.NullPointerException">java.lang.NullPointerException
</failure>
    <system-out><![CDATA[[INFO ] [Thread:main] 2019-01-03 11:12:55,263 testcore.scenarios.SupportTest.tearDown:L68 - Tear down for test method [createTradeLicenseCitizen] started.
]]></system-out>
  </testcase>
  <testcase name="tearDown" classname="testcore.scenarios.TLFlows" time="44.804">
    <failure type="java.lang.NullPointerException">java.lang.NullPointerException
</failure>
    <system-out><![CDATA[[INFO ] [Thread:main] 2019-01-03 11:13:01,276 testcore.scenarios.SupportTest.tearDown:L68 - Tear down for test method [createTradeLicenseCounterEmployee] started.
]]></system-out>
  </testcase>
  <testcase name="tearDown" classname="testcore.scenarios.TLFlows" time="51.578">
    <failure type="java.lang.NullPointerException">java.lang.NullPointerException
</failure>
    <system-out><![CDATA[[INFO ] [Thread:main] 2019-01-03 11:13:08,049 testcore.scenarios.SupportTest.tearDown:L68 - Tear down for test method [rejectTradeLicenseApprover] started.
]]></system-out>
  </testcase>
  <testcase name="createTradeLicenseCitizen" classname="testcore.scenarios.TLFlows" time="0">
    <skipped message="unknown error: failed to change window state to maximized, current state is normal&#10;  (Session info: chrome=71.0.3578.98)&#10;  (Driver info: chromedriver=2.41.578700 (2f1ed5f9343c13f73144538f15c00b370eda6706),platform=Linux 4.15.0-43-generic x86_64) (WARNING: The server did not provide any stacktrace information)&#10;Command duration or timeout: 0 milliseconds&#10;Build info: version: &apos;3.7.1&apos;, revision: &apos;8a0099a&apos;, time: &apos;2017-11-06T21:01:39.354Z&apos;&#10;System info: host: &apos;Lata-Naik&apos;, ip: &apos;127.0.1.1&apos;, os.name: &apos;Linux&apos;, os.arch: &apos;amd64&apos;, os.version: &apos;4.15.0-43-generic&apos;, java.version: &apos;1.8.0_192&apos;&#10;Driver info: org.openqa.selenium.chrome.ChromeDriver&#10;Capabilities {acceptInsecureCerts: false, acceptSslCerts: false, applicationCacheEnabled: false, browserConnectionEnabled: false, browserName: chrome, chrome: {chromedriverVersion: 2.41.578700 (2f1ed5f9343c13..., userDataDir: /tmp/.org.chromium.Chromium...}, cssSelectorsEnabled: true, databaseEnabled: false, goog:chromeOptions: {debuggerAddress: localhost:44961}, handlesAlerts: true, hasTouchScreen: false, javascriptEnabled: true, locationContextEnabled: true, mobileEmulationEnabled: false, nativeEvents: true, networkConnectionEnabled: false, pageLoadStrategy: none, platform: LINUX, platformName: LINUX, rotatable: false, setWindowRect: true, takesHeapSnapshot: true, takesScreenshot: true, unexpectedAlertBehaviour: , unhandledPromptBehavior: , version: 71.0.3578.98, webStorageEnabled: true}&#10;Session ID: 45df81112b975f44b3a3917f2dadbbc7"/>
  </testcase>
  <testcase name="createTradeLicenseCounterEmployee" classname="testcore.scenarios.TLFlows" time="0">
    <skipped message="unknown error: failed to change window state to maximized, current state is normal&#10;  (Session info: chrome=71.0.3578.98)&#10;  (Driver info: chromedriver=2.41.578700 (2f1ed5f9343c13f73144538f15c00b370eda6706),platform=Linux 4.15.0-43-generic x86_64) (WARNING: The server did not provide any stacktrace information)&#10;Command duration or timeout: 0 milliseconds&#10;Build info: version: &apos;3.7.1&apos;, revision: &apos;8a0099a&apos;, time: &apos;2017-11-06T21:01:39.354Z&apos;&#10;System info: host: &apos;Lata-Naik&apos;, ip: &apos;127.0.1.1&apos;, os.name: &apos;Linux&apos;, os.arch: &apos;amd64&apos;, os.version: &apos;4.15.0-43-generic&apos;, java.version: &apos;1.8.0_192&apos;&#10;Driver info: org.openqa.selenium.chrome.ChromeDriver&#10;Capabilities {acceptInsecureCerts: false, acceptSslCerts: false, applicationCacheEnabled: false, browserConnectionEnabled: false, browserName: chrome, chrome: {chromedriverVersion: 2.41.578700 (2f1ed5f9343c13..., userDataDir: /tmp/.org.chromium.Chromium...}, cssSelectorsEnabled: true, databaseEnabled: false, goog:chromeOptions: {debuggerAddress: localhost:36301}, handlesAlerts: true, hasTouchScreen: false, javascriptEnabled: true, locationContextEnabled: true, mobileEmulationEnabled: false, nativeEvents: true, networkConnectionEnabled: false, pageLoadStrategy: none, platform: LINUX, platformName: LINUX, rotatable: false, setWindowRect: true, takesHeapSnapshot: true, takesScreenshot: true, unexpectedAlertBehaviour: , unhandledPromptBehavior: , version: 71.0.3578.98, webStorageEnabled: true}&#10;Session ID: bb17e2e790eb683db8647125de95eaa7"/>
  </testcase>
  <testcase name="rejectTradeLicenseApprover" classname="testcore.scenarios.TLFlows" time="0">
    <skipped message="unknown error: failed to change window state to maximized, current state is normal&#10;  (Session info: chrome=71.0.3578.98)&#10;  (Driver info: chromedriver=2.41.578700 (2f1ed5f9343c13f73144538f15c00b370eda6706),platform=Linux 4.15.0-43-generic x86_64) (WARNING: The server did not provide any stacktrace information)&#10;Command duration or timeout: 0 milliseconds&#10;Build info: version: &apos;3.7.1&apos;, revision: &apos;8a0099a&apos;, time: &apos;2017-11-06T21:01:39.354Z&apos;&#10;System info: host: &apos;Lata-Naik&apos;, ip: &apos;127.0.1.1&apos;, os.name: &apos;Linux&apos;, os.arch: &apos;amd64&apos;, os.version: &apos;4.15.0-43-generic&apos;, java.version: &apos;1.8.0_192&apos;&#10;Driver info: org.openqa.selenium.chrome.ChromeDriver&#10;Capabilities {acceptInsecureCerts: false, acceptSslCerts: false, applicationCacheEnabled: false, browserConnectionEnabled: false, browserName: chrome, chrome: {chromedriverVersion: 2.41.578700 (2f1ed5f9343c13..., userDataDir: /tmp/.org.chromium.Chromium...}, cssSelectorsEnabled: true, databaseEnabled: false, goog:chromeOptions: {debuggerAddress: localhost:36301}, handlesAlerts: true, hasTouchScreen: false, javascriptEnabled: true, locationContextEnabled: true, mobileEmulationEnabled: false, nativeEvents: true, networkConnectionEnabled: false, pageLoadStrategy: none, platform: LINUX, platformName: LINUX, rotatable: false, setWindowRect: true, takesHeapSnapshot: true, takesScreenshot: true, unexpectedAlertBehaviour: , unhandledPromptBehavior: , version: 71.0.3578.98, webStorageEnabled: true}&#10;Session ID: bb17e2e790eb683db8647125de95eaa7"/>
  </testcase>
</testsuite>