<?xml version="1.0" encoding="UTF-8"?>
<testng-results skipped="0" failed="1" ignored="5" total="6" passed="0">
  <reporter-output>
  </reporter-output>
  <suite name="Surefire suite" duration-ms="26474" started-at="2019-01-03T06:25:05Z" finished-at="2019-01-03T06:25:32Z">
    <groups>
    </groups>
    <test name="Surefire test" duration-ms="26474" started-at="2019-01-03T06:25:05Z" finished-at="2019-01-03T06:25:32Z">
      <class name="testcore.scenarios.PGRFlows">
        <test-method status="PASS" signature="runOncePerSuite()[pri:0, instance:testcore.scenarios.PGRFlows@dfd3711]" name="runOncePerSuite" is-config="true" duration-ms="116" started-at="2019-01-03T11:55:05Z" finished-at="2019-01-03T11:55:05Z">
          <reporter-output>
          </reporter-output>
        </test-method> <!-- runOncePerSuite -->
        <test-method status="PASS" signature="runOncePerContext(org.testng.ITestContext)[pri:0, instance:testcore.scenarios.PGRFlows@dfd3711]" name="runOncePerContext" is-config="true" duration-ms="6" started-at="2019-01-03T11:55:05Z" finished-at="2019-01-03T11:55:05Z">
          <params>
            <param index="0">
              <value>
                <![CDATA[org.testng.TestRunner@4b2c5e02]]>
              </value>
            </param>
          </params>
          <reporter-output>
          </reporter-output>
        </test-method> <!-- runOncePerContext -->
        <test-method status="PASS" signature="runOncePerClass(org.testng.ITestContext)[pri:0, instance:testcore.scenarios.PGRFlows@dfd3711]" name="runOncePerClass" is-config="true" duration-ms="0" started-at="2019-01-03T11:55:05Z" finished-at="2019-01-03T11:55:05Z">
          <params>
            <param index="0">
              <value>
                <![CDATA[org.testng.TestRunner@4b2c5e02]]>
              </value>
            </param>
          </params>
          <reporter-output>
          </reporter-output>
        </test-method> <!-- runOncePerClass -->
        <test-method status="PASS" signature="runOncePerMethod(org.testng.ITestContext, java.lang.reflect.Method)[pri:0, instance:testcore.scenarios.PGRFlows@dfd3711]" name="runOncePerMethod" is-config="true" duration-ms="1618" started-at="2019-01-03T11:55:06Z" finished-at="2019-01-03T11:55:07Z">
          <params>
            <param index="0">
              <value>
                <![CDATA[org.testng.TestRunner@4b2c5e02]]>
              </value>
            </param>
            <param index="1">
              <value>
                <![CDATA[public void testcore.scenarios.PGRFlows.rateComplaintCitizen() throws java.lang.Exception]]>
              </value>
            </param>
          </params>
          <reporter-output>
          </reporter-output>
        </test-method> <!-- runOncePerMethod -->
        <test-method status="FAIL" signature="rateComplaintCitizen()[pri:0, instance:testcore.scenarios.PGRFlows@dfd3711]" name="rateComplaintCitizen" duration-ms="24595" started-at="2019-01-03T11:55:07Z" finished-at="2019-01-03T11:55:32Z">
          <exception class="java.lang.NullPointerException">
            <full-stacktrace>
              <![CDATA[java.lang.NullPointerExceptionat testcore.pages.ComplaintsPage.logoutUser(ComplaintsPage.java:128)at testcore.scenarios.PGRFlows.rateComplaintCitizen(PGRFlows.java:60)at sun.reflect.NativeMethodAccessorImpl.invoke0(Native Method)at sun.reflect.NativeMethodAccessorImpl.invoke(NativeMethodAccessorImpl.java:62)at sun.reflect.DelegatingMethodAccessorImpl.invoke(DelegatingMethodAccessorImpl.java:43)at java.lang.reflect.Method.invoke(Method.java:498)at org.testng.internal.MethodInvocationHelper.invokeMethod(MethodInvocationHelper.java:124)at org.testng.internal.Invoker.invokeMethod(Invoker.java:571)at org.testng.internal.Invoker.invokeTestMethod(Invoker.java:707)at org.testng.internal.Invoker.invokeTestMethods(Invoker.java:979)at org.testng.internal.TestMethodWorker.invokeTestMethods(TestMethodWorker.java:125)at org.testng.internal.TestMethodWorker.run(TestMethodWorker.java:109)at org.testng.TestRunner.privateRun(TestRunner.java:648)at org.testng.TestRunner.run(TestRunner.java:505)at org.testng.SuiteRunner.runTest(SuiteRunner.java:455)at org.testng.SuiteRunner.runSequentially(SuiteRunner.java:450)at org.testng.SuiteRunner.privateRun(SuiteRunner.java:415)at org.testng.SuiteRunner.run(SuiteRunner.java:364)at org.testng.SuiteRunnerWorker.runSuite(SuiteRunnerWorker.java:52)at org.testng.SuiteRunnerWorker.run(SuiteRunnerWorker.java:84)at org.testng.TestNG.runSuitesSequentially(TestNG.java:1187)at org.testng.TestNG.runSuitesLocally(TestNG.java:1116)at org.testng.TestNG.runSuites(TestNG.java:1028)at org.testng.TestNG.run(TestNG.java:996)at org.apache.maven.surefire.testng.TestNGExecutor.run(TestNGExecutor.java:132)at org.apache.maven.surefire.testng.TestNGDirectoryTestSuite.executeSingleClass(TestNGDirectoryTestSuite.java:112)at org.apache.maven.surefire.testng.TestNGDirectoryTestSuite.execute(TestNGDirectoryTestSuite.java:99)at org.apache.maven.surefire.testng.TestNGProvider.invoke(TestNGProvider.java:147)at org.apache.maven.surefire.booter.ForkedBooter.invokeProviderInSameClassLoader(ForkedBooter.java:290)at org.apache.maven.surefire.booter.ForkedBooter.runSuitesInProcess(ForkedBooter.java:242)at org.apache.maven.surefire.booter.ForkedBooter.main(ForkedBooter.java:121)]]>
            </full-stacktrace>
          </exception> <!-- java.lang.NullPointerException -->
          <reporter-output>
          </reporter-output>
        </test-method> <!-- rateComplaintCitizen -->
        <test-method status="PASS" signature="tearDown(org.testng.ITestResult)[pri:0, instance:testcore.scenarios.PGRFlows@dfd3711]" name="tearDown" is-config="true" duration-ms="238" started-at="2019-01-03T11:55:32Z" finished-at="2019-01-03T11:55:32Z">
          <params>
            <param index="0">
              <value>
                <![CDATA[[TestResult name=rateComplaintCitizen status=FAILURE method=PGRFlows.rateComplaintCitizen()[pri:0, instance:testcore.scenarios.PGRFlows@dfd3711] output={null}]]]>
              </value>
            </param>
          </params>
          <reporter-output>
          </reporter-output>
        </test-method> <!-- tearDown -->
      </class> <!-- testcore.scenarios.PGRFlows -->
    </test> <!-- Surefire test -->
  </suite> <!-- Surefire suite -->
</testng-results>
